0 info it worked if it ends with ok
1 verbose cli [ '/usr/local/bin/node',
1 verbose cli   '/usr/local/bin/npm',
1 verbose cli   'run',
1 verbose cli   'watch:html' ]
2 info using npm@3.8.6
3 info using node@v6.0.0
4 verbose run-script [ 'prewatch:html', 'watch:html', 'postwatch:html' ]
5 info lifecycle react-template-starter-basic@1.0.0~prewatch:html: react-template-starter-basic@1.0.0
6 silly lifecycle react-template-starter-basic@1.0.0~prewatch:html: no script for prewatch:html, continuing
7 info lifecycle react-template-starter-basic@1.0.0~watch:html: react-template-starter-basic@1.0.0
8 verbose lifecycle react-template-starter-basic@1.0.0~watch:html: unsafe-perm in lifecycle true
9 verbose lifecycle react-template-starter-basic@1.0.0~watch:html: PATH: /usr/local/lib/node_modules/npm/bin/node-gyp-bin:/Users/Kaeside/projects/thinkful/cozyfi/node_modules/.bin:/usr/local/bin:/Users/Kaeside/.npm-global/lib/node_modules/npm/bin/node-gyp-bin:/Users/Kaeside/projects/thinkful/cozyfi/node_modules/.bin:/usr/local/bin:/Users/Kaeside/.npm-global/bin:/Users/Kaeside/.npm-global/bin:/usr/local/bin:/usr/bin:/bin:/usr/sbin:/sbin
10 verbose lifecycle react-template-starter-basic@1.0.0~watch:html: CWD: /Users/Kaeside/projects/thinkful/cozyfi
11 silly lifecycle react-template-starter-basic@1.0.0~watch:html: Args: [ '-c',
11 silly lifecycle   'npm run build:html && chokidar index.html -c \'npm run build:html\'' ]
12 info lifecycle react-template-starter-basic@1.0.0~watch:html: Failed to exec watch:html script
13 verbose stack Error: react-template-starter-basic@1.0.0 watch:html: `npm run build:html && chokidar index.html -c 'npm run build:html'`
13 verbose stack spawn ENOENT
13 verbose stack     at ChildProcess.<anonymous> (/usr/local/lib/node_modules/npm/lib/utils/spawn.js:17:16)
13 verbose stack     at emitTwo (events.js:106:13)
13 verbose stack     at ChildProcess.emit (events.js:191:7)
13 verbose stack     at maybeClose (internal/child_process.js:850:16)
13 verbose stack     at Process.ChildProcess._handle.onexit (internal/child_process.js:215:5)
14 verbose pkgid react-template-starter-basic@1.0.0
15 verbose cwd /Users/Kaeside/projects/thinkful/cozyfi
16 error Darwin 15.5.0
17 error argv "/usr/local/bin/node" "/usr/local/bin/npm" "run" "watch:html"
18 error node v6.0.0
19 error npm  v3.8.6
20 error file sh
21 error code ELIFECYCLE
22 error errno ENOENT
23 error syscall spawn
24 error react-template-starter-basic@1.0.0 watch:html: `npm run build:html && chokidar index.html -c 'npm run build:html'`
24 error spawn ENOENT
25 error Failed at the react-template-starter-basic@1.0.0 watch:html script 'npm run build:html && chokidar index.html -c 'npm run build:html''.
25 error Make sure you have the latest version of node.js and npm installed.
25 error If you do, this is most likely a problem with the react-template-starter-basic package,
25 error not with npm itself.
25 error Tell the author that this fails on your system:
25 error     npm run build:html && chokidar index.html -c 'npm run build:html'
25 error You can get information on how to open an issue for this project with:
25 error     npm bugs react-template-starter-basic
25 error Or if that isn't available, you can get their info via:
25 error     npm owner ls react-template-starter-basic
25 error There is likely additional logging output above.
26 verbose exit [ 1, true ]
